2024-11-18 16:42:02,940 - werkzeug - INFO - [31m[1mWARNING: This is a development server. Do not use it in a production deployment. Use a production WSGI server instead.[0m
 * Running on http://127.0.0.1:5000
2024-11-18 16:42:02,941 - werkzeug - INFO - [33mPress CTRL+C to quit[0m
2024-11-18 16:42:02,944 - werkzeug - INFO -  * Restarting with stat
2024-11-18 16:42:06,705 - werkzeug - WARNING -  * Debugger is active!
2024-11-18 16:42:06,712 - werkzeug - INFO -  * Debugger PIN: 713-551-296
2024-11-18 16:42:52,007 - werkzeug - INFO -  * Detected change in 'E:\\Projects\\sentiment_prediction\\sentiment_prediction_web_app\\db_config.py', reloading
2024-11-18 16:42:53,028 - werkzeug - INFO -  * Restarting with stat
2024-11-18 16:42:56,856 - werkzeug - WARNING -  * Debugger is active!
2024-11-18 16:42:56,861 - werkzeug - INFO -  * Debugger PIN: 713-551-296
2024-11-18 16:53:34,129 - werkzeug - INFO -  * Detected change in 'E:\\Projects\\sentiment_prediction\\sentiment_prediction_web_app\\db_config.py', reloading
2024-11-18 16:53:35,146 - werkzeug - INFO -  * Restarting with stat
2024-11-18 16:53:44,487 - werkzeug - WARNING -  * Debugger is active!
2024-11-18 16:53:44,492 - werkzeug - INFO -  * Debugger PIN: 713-551-296
2024-11-18 16:58:06,044 - werkzeug - INFO -  * Detected change in 'E:\\Projects\\sentiment_prediction\\sentiment_prediction_web_app\\app.py', reloading
2024-11-18 16:58:06,310 - werkzeug - INFO -  * Restarting with stat
2024-11-18 16:58:11,468 - werkzeug - WARNING -  * Debugger is active!
2024-11-18 16:58:11,473 - werkzeug - INFO -  * Debugger PIN: 713-551-296
2024-11-18 16:58:39,164 - werkzeug - INFO -  * Detected change in 'E:\\Projects\\sentiment_prediction\\sentiment_prediction_web_app\\app.py', reloading
2024-11-18 16:58:39,398 - werkzeug - INFO -  * Restarting with stat
2024-11-18 16:58:42,984 - werkzeug - WARNING -  * Debugger is active!
2024-11-18 16:58:42,989 - werkzeug - INFO -  * Debugger PIN: 713-551-296
